This is pdfTeX, Version 3.14159265-2.6-1.40.17 (TeX Live 2016/Debian) (preloaded format=pdflatex 2018.9.22)  30 MAR 2019 22:04
entering extended mode
 restricted \write18 enabled.
 %&-line parsing enabled.
**ms.tex
(./ms.tex
LaTeX2e <2017/01/01> patch level 3
Babel <3.9r> and hyphenation patterns for 3 language(s) loaded.
(/usr/share/texlive/texmf-dist/tex/latex/base/book.cls
Document Class: book 2014/09/29 v1.4h Standard LaTeX document class
(/usr/share/texlive/texmf-dist/tex/latex/base/bk12.clo
File: bk12.clo 2014/09/29 v1.4h Standard LaTeX file (size option)
)
\c@part=\count79
\c@chapter=\count80
\c@section=\count81
\c@subsection=\count82
\c@subsubsection=\count83
\c@paragraph=\count84
\c@subparagraph=\count85
\c@figure=\count86
\c@table=\count87
\abovecaptionskip=\skip41
\belowcaptionskip=\skip42
\bibindent=\dimen102
)
(/usr/share/texlive/texmf-dist/tex/latex/geometry/geometry.sty
Package: geometry 2010/09/12 v5.6 Page Geometry

(/usr/share/texlive/texmf-dist/tex/latex/graphics/keyval.sty
Package: keyval 2014/10/28 v1.15 key=value parser (DPC)
\KV@toks@=\toks14
)
(/usr/share/texlive/texmf-dist/tex/generic/oberdiek/ifpdf.sty
Package: ifpdf 2016/05/14 v3.1 Provides the ifpdf switch
)
(/usr/share/texlive/texmf-dist/tex/generic/oberdiek/ifvtex.sty
Package: ifvtex 2016/05/16 v1.6 Detect VTeX and its facilities (HO)
Package ifvtex Info: VTeX not detected.
)
(/usr/share/texlive/texmf-dist/tex/generic/ifxetex/ifxetex.sty
Package: ifxetex 2010/09/12 v0.6 Provides ifxetex conditional
)
\Gm@cnth=\count88
\Gm@cntv=\count89
\c@Gm@tempcnt=\count90
\Gm@bindingoffset=\dimen103
\Gm@wd@mp=\dimen104
\Gm@odd@mp=\dimen105
\Gm@even@mp=\dimen106
\Gm@layoutwidth=\dimen107
\Gm@layoutheight=\dimen108
\Gm@layouthoffset=\dimen109
\Gm@layoutvoffset=\dimen110
\Gm@dimlist=\toks15
)
(/usr/share/texlive/texmf-dist/tex/latex/psnfss/mathptmx.sty
Package: mathptmx 2005/04/12 PSNFSS-v9.2a Times w/ Math, improved (SPQR, WaS) 
LaTeX Font Info:    Redeclaring symbol font `operators' on input line 28.
LaTeX Font Info:    Overwriting symbol font `operators' in version `normal'
(Font)                  OT1/cmr/m/n --> OT1/ztmcm/m/n on input line 28.
LaTeX Font Info:    Overwriting symbol font `operators' in version `bold'
(Font)                  OT1/cmr/bx/n --> OT1/ztmcm/m/n on input line 28.
LaTeX Font Info:    Redeclaring symbol font `letters' on input line 29.
LaTeX Font Info:    Overwriting symbol font `letters' in version `normal'
(Font)                  OML/cmm/m/it --> OML/ztmcm/m/it on input line 29.
LaTeX Font Info:    Overwriting symbol font `letters' in version `bold'
(Font)                  OML/cmm/b/it --> OML/ztmcm/m/it on input line 29.
LaTeX Font Info:    Redeclaring symbol font `symbols' on input line 30.
LaTeX Font Info:    Overwriting symbol font `symbols' in version `normal'
(Font)                  OMS/cmsy/m/n --> OMS/ztmcm/m/n on input line 30.
LaTeX Font Info:    Overwriting symbol font `symbols' in version `bold'
(Font)                  OMS/cmsy/b/n --> OMS/ztmcm/m/n on input line 30.
LaTeX Font Info:    Redeclaring symbol font `largesymbols' on input line 31.
LaTeX Font Info:    Overwriting symbol font `largesymbols' in version `normal'
(Font)                  OMX/cmex/m/n --> OMX/ztmcm/m/n on input line 31.
LaTeX Font Info:    Overwriting symbol font `largesymbols' in version `bold'
(Font)                  OMX/cmex/m/n --> OMX/ztmcm/m/n on input line 31.
\symbold=\mathgroup4
\symitalic=\mathgroup5
LaTeX Font Info:    Redeclaring math alphabet \mathbf on input line 34.
LaTeX Font Info:    Overwriting math alphabet `\mathbf' in version `normal'
(Font)                  OT1/cmr/bx/n --> OT1/ptm/bx/n on input line 34.
LaTeX Font Info:    Overwriting math alphabet `\mathbf' in version `bold'
(Font)                  OT1/cmr/bx/n --> OT1/ptm/bx/n on input line 34.
LaTeX Font Info:    Redeclaring math alphabet \mathit on input line 35.
LaTeX Font Info:    Overwriting math alphabet `\mathit' in version `normal'
(Font)                  OT1/cmr/m/it --> OT1/ptm/m/it on input line 35.
LaTeX Font Info:    Overwriting math alphabet `\mathit' in version `bold'
(Font)                  OT1/cmr/bx/it --> OT1/ptm/m/it on input line 35.
LaTeX Info: Redefining \hbar on input line 50.
)
(/usr/share/texlive/texmf-dist/tex/latex/graphics/graphicx.sty
Package: graphicx 2014/10/28 v1.0g Enhanced LaTeX Graphics (DPC,SPQR)

(/usr/share/texlive/texmf-dist/tex/latex/graphics/graphics.sty
Package: graphics 2016/10/09 v1.0u Standard LaTeX Graphics (DPC,SPQR)

(/usr/share/texlive/texmf-dist/tex/latex/graphics/trig.sty
Package: trig 2016/01/03 v1.10 sin cos tan (DPC)
)
(/usr/share/texlive/texmf-dist/tex/latex/graphics-cfg/graphics.cfg
File: graphics.cfg 2016/06/04 v1.11 sample graphics configuration
)
Package graphics Info: Driver file: pdftex.def on input line 99.

(/usr/share/texlive/texmf-dist/tex/latex/graphics-def/pdftex.def
File: pdftex.def 2017/01/12 v0.06k Graphics/color for pdfTeX

(/usr/share/texlive/texmf-dist/tex/generic/oberdiek/infwarerr.sty
Package: infwarerr 2016/05/16 v1.4 Providing info/warning/error messages (HO)
)
(/usr/share/texlive/texmf-dist/tex/generic/oberdiek/ltxcmds.sty
Package: ltxcmds 2016/05/16 v1.23 LaTeX kernel commands for general use (HO)
)
\Gread@gobject=\count91
))
\Gin@req@height=\dimen111
\Gin@req@width=\dimen112
)
(/usr/share/texlive/texmf-dist/tex/latex/cite/chapterbib.sty
\c@inputfile=\count92
Package: chapterbib 2010/09/18  v 1.17
)
(/usr/share/texlive/texmf-dist/tex/latex/subfigure/subfigure.sty
Package: subfigure 2002/03/15 v2.1.5 subfigure package
\subfigtopskip=\skip43
\subfigcapskip=\skip44
\subfigcaptopadj=\dimen113
\subfigbottomskip=\skip45
\subfigcapmargin=\dimen114
\subfiglabelskip=\skip46
\c@subfigure=\count93
\c@lofdepth=\count94
\c@subtable=\count95
\c@lotdepth=\count96

****************************************
* Local config file subfigure.cfg used *
****************************************
(/usr/share/texlive/texmf-dist/tex/latex/subfigure/subfigure.cfg)
\subfig@top=\skip47
\subfig@bottom=\skip48
)
(/usr/share/texlive/texmf-dist/tex/latex/graphics/color.sty
Package: color 2016/07/10 v1.1e Standard LaTeX Color (DPC)

(/usr/share/texlive/texmf-dist/tex/latex/graphics-cfg/color.cfg
File: color.cfg 2016/01/02 v1.6 sample color configuration
)
Package color Info: Driver file: pdftex.def on input line 147.
)
(/usr/share/texlive/texmf-dist/tex/latex/hyperref/hyperref.sty
Package: hyperref 2016/06/24 v6.83q Hypertext links for LaTeX

(/usr/share/texlive/texmf-dist/tex/generic/oberdiek/hobsub-hyperref.sty
Package: hobsub-hyperref 2016/05/16 v1.14 Bundle oberdiek, subset hyperref (HO)


(/usr/share/texlive/texmf-dist/tex/generic/oberdiek/hobsub-generic.sty
Package: hobsub-generic 2016/05/16 v1.14 Bundle oberdiek, subset generic (HO)
Package: hobsub 2016/05/16 v1.14 Construct package bundles (HO)
Package hobsub Info: Skipping package `infwarerr' (already loaded).
Package hobsub Info: Skipping package `ltxcmds' (already loaded).
Package: ifluatex 2016/05/16 v1.4 Provides the ifluatex switch (HO)
Package ifluatex Info: LuaTeX not detected.
Package hobsub Info: Skipping package `ifvtex' (already loaded).
Package: intcalc 2016/05/16 v1.2 Expandable calculations with integers (HO)
Package hobsub Info: Skipping package `ifpdf' (already loaded).
Package: etexcmds 2016/05/16 v1.6 Avoid name clashes with e-TeX commands (HO)
Package etexcmds Info: Could not find \expanded.
(etexcmds)             That can mean that you are not using pdfTeX 1.50 or
(etexcmds)             that some package has redefined \expanded.
(etexcmds)             In the latter case, load this package earlier.
Package: kvsetkeys 2016/05/16 v1.17 Key value parser (HO)
Package: kvdefinekeys 2016/05/16 v1.4 Define keys (HO)
Package: pdftexcmds 2016/05/21 v0.22 Utility functions of pdfTeX for LuaTeX (HO
)
Package pdftexcmds Info: LuaTeX not detected.
Package pdftexcmds Info: \pdf@primitive is available.
Package pdftexcmds Info: \pdf@ifprimitive is available.
Package pdftexcmds Info: \pdfdraftmode found.
Package: pdfescape 2016/05/16 v1.14 Implements pdfTeX's escape features (HO)
Package: bigintcalc 2016/05/16 v1.4 Expandable calculations on big integers (HO
)
Package: bitset 2016/05/16 v1.2 Handle bit-vector datatype (HO)
Package: uniquecounter 2016/05/16 v1.3 Provide unlimited unique counter (HO)
)
Package hobsub Info: Skipping package `hobsub' (already loaded).
Package: letltxmacro 2016/05/16 v1.5 Let assignment for LaTeX macros (HO)
Package: hopatch 2016/05/16 v1.3 Wrapper for package hooks (HO)
Package: xcolor-patch 2016/05/16 xcolor patch
Package: atveryend 2016/05/16 v1.9 Hooks at the very end of document (HO)
Package atveryend Info: \enddocument detected (standard20110627).
Package: atbegshi 2016/06/09 v1.18 At begin shipout hook (HO)
Package: refcount 2016/05/16 v3.5 Data extraction from label references (HO)
Package: hycolor 2016/05/16 v1.8 Color options for hyperref/bookmark (HO)
)
(/usr/share/texlive/texmf-dist/tex/latex/oberdiek/auxhook.sty
Package: auxhook 2016/05/16 v1.4 Hooks for auxiliary files (HO)
)
(/usr/share/texlive/texmf-dist/tex/latex/oberdiek/kvoptions.sty
Package: kvoptions 2016/05/16 v3.12 Key value format for package options (HO)
)
\@linkdim=\dimen115
\Hy@linkcounter=\count97
\Hy@pagecounter=\count98

(/usr/share/texlive/texmf-dist/tex/latex/hyperref/pd1enc.def
File: pd1enc.def 2016/06/24 v6.83q Hyperref: PDFDocEncoding definition (HO)
)
\Hy@SavedSpaceFactor=\count99

(/usr/share/texlive/texmf-dist/tex/latex/latexconfig/hyperref.cfg
File: hyperref.cfg 2002/06/06 v1.2 hyperref configuration of TeXLive
)
Package hyperref Info: Option `colorlinks' set `true' on input line 4362.
Package hyperref Info: Hyper figures OFF on input line 4486.
Package hyperref Info: Link nesting OFF on input line 4491.
Package hyperref Info: Hyper index ON on input line 4494.
Package hyperref Info: Plain pages OFF on input line 4501.
Package hyperref Info: Backreferencing OFF on input line 4506.
Package hyperref Info: Implicit mode ON; LaTeX internals redefined.
Package hyperref Info: Bookmarks ON on input line 4735.
\c@Hy@tempcnt=\count100

(/usr/share/texlive/texmf-dist/tex/latex/url/url.sty
\Urlmuskip=\muskip10
Package: url 2013/09/16  ver 3.4  Verb mode for urls, etc.
)
LaTeX Info: Redefining \url on input line 5088.
\XeTeXLinkMargin=\dimen116
\Fld@menulength=\count101
\Field@Width=\dimen117
\Fld@charsize=\dimen118
Package hyperref Info: Hyper figures OFF on input line 6342.
Package hyperref Info: Link nesting OFF on input line 6347.
Package hyperref Info: Hyper index ON on input line 6350.
Package hyperref Info: backreferencing OFF on input line 6357.
Package hyperref Info: Link coloring ON on input line 6360.
Package hyperref Info: Link coloring with OCG OFF on input line 6367.
Package hyperref Info: PDF/A mode OFF on input line 6372.
LaTeX Info: Redefining \ref on input line 6412.
LaTeX Info: Redefining \pageref on input line 6416.
\Hy@abspage=\count102
\c@Item=\count103
\c@Hfootnote=\count104
)

Package hyperref Message: Driver (autodetected): hpdftex.

(/usr/share/texlive/texmf-dist/tex/latex/hyperref/hpdftex.def
File: hpdftex.def 2016/06/24 v6.83q Hyperref driver for pdfTeX
\Fld@listcount=\count105
\c@bookmark@seq@number=\count106

(/usr/share/texlive/texmf-dist/tex/latex/oberdiek/rerunfilecheck.sty
Package: rerunfilecheck 2016/05/16 v1.8 Rerun checks for auxiliary files (HO)
Package uniquecounter Info: New unique counter `rerunfilecheck' on input line 2
82.
)
\Hy@SectionHShift=\skip49
)
(/usr/share/texlive/texmf-dist/tex/generic/babel/babel.sty
Package: babel 2016/04/23 3.9r The Babel package

(/usr/share/texlive/texmf-dist/tex/generic/babel-english/english.ldf
Language: english 2012/08/20 v3.3p English support from the babel system

(/usr/share/texlive/texmf-dist/tex/generic/babel/babel.def
File: babel.def 2016/04/23 3.9r Babel common definitions
\babel@savecnt=\count107
\U@D=\dimen119
)
\l@british = a dialect from \language\l@english 
\l@UKenglish = a dialect from \language\l@english 
\l@canadian = a dialect from \language\l@american 
\l@australian = a dialect from \language\l@british 
\l@newzealand = a dialect from \language\l@british 
))
No file ms.aux.
\openout1 = `ms.aux'.

LaTeX Font Info:    Checking defaults for OML/cmm/m/it on input line 32.
LaTeX Font Info:    ... okay on input line 32.
LaTeX Font Info:    Checking defaults for T1/cmr/m/n on input line 32.
LaTeX Font Info:    ... okay on input line 32.
LaTeX Font Info:    Checking defaults for OT1/cmr/m/n on input line 32.
LaTeX Font Info:    ... okay on input line 32.
LaTeX Font Info:    Checking defaults for OMS/cmsy/m/n on input line 32.
LaTeX Font Info:    ... okay on input line 32.
LaTeX Font Info:    Checking defaults for OMX/cmex/m/n on input line 32.
LaTeX Font Info:    ... okay on input line 32.
LaTeX Font Info:    Checking defaults for U/cmr/m/n on input line 32.
LaTeX Font Info:    ... okay on input line 32.
LaTeX Font Info:    Checking defaults for PD1/pdf/m/n on input line 32.
LaTeX Font Info:    ... okay on input line 32.
LaTeX Font Info:    Try loading font information for OT1+ptm on input line 32.
(/usr/share/texlive/texmf-dist/tex/latex/psnfss/ot1ptm.fd
File: ot1ptm.fd 2001/06/04 font definitions for OT1/ptm.
)
*geometry* driver: auto-detecting
*geometry* detected driver: pdftex
*geometry* verbose mode - [ preamble ] result:
* driver: pdftex
* paper: a4paper
* layout: <same size as paper>
* layoutoffset:(h,v)=(0.0pt,0.0pt)
* hratio: 1:1
* vratio: 1:1
* modes: twoside 
* h-part:(L,W,R)=(78.24507pt, 441.01772pt, 78.24509pt)
* v-part:(T,H,B)=(95.31673pt, 654.41338pt, 95.31674pt)
* \paperwidth=597.50787pt
* \paperheight=845.04684pt
* \textwidth=441.01772pt
* \textheight=654.41338pt
* \oddsidemargin=5.97508pt
* \evensidemargin=5.9751pt
* \topmargin=-8.82706pt
* \headheight=12.0pt
* \headsep=19.8738pt
* \topskip=12.0pt
* \footskip=30.0pt
* \marginparwidth=88.0pt
* \marginparsep=7.0pt
* \columnsep=10.0pt
* \skip\footins=10.8pt plus 4.0pt minus 2.0pt
* \hoffset=0.0pt
* \voffset=0.0pt
* \mag=1000
* \@twocolumnfalse
* \@twosidetrue
* \@mparswitchtrue
* \@reversemarginfalse
* (1in=72.27pt=25.4mm, 1cm=28.453pt)

\big@size=\dimen120
(/usr/share/texlive/texmf-dist/tex/context/base/mkii/supp-pdf.mkii
[Loading MPS to PDF converter (version 2006.09.02).]
\scratchcounter=\count108
\scratchdimen=\dimen121
\scratchbox=\box26
\nofMPsegments=\count109
\nofMParguments=\count110
\everyMPshowfont=\toks16
\MPscratchCnt=\count111
\MPscratchDim=\dimen122
\MPnumerator=\count112
\makeMPintoPDFobject=\count113
\everyMPtoPDFconversion=\toks17
) (/usr/share/texlive/texmf-dist/tex/latex/oberdiek/epstopdf-base.sty
Package: epstopdf-base 2016/05/15 v2.6 Base part for package epstopdf

(/usr/share/texlive/texmf-dist/tex/latex/oberdiek/grfext.sty
Package: grfext 2016/05/16 v1.2 Manage graphics extensions (HO)
)
Package epstopdf-base Info: Redefining graphics rule for `.eps' on input line 4
38.
Package grfext Info: Graphics extension search list:
(grfext)             [.png,.pdf,.jpg,.mps,.jpeg,.jbig2,.jb2,.PNG,.PDF,.JPG,.JPE
G,.JBIG2,.JB2,.eps]
(grfext)             \AppendGraphicsExtensions on input line 456.

(/usr/share/texlive/texmf-dist/tex/latex/latexconfig/epstopdf-sys.cfg
File: epstopdf-sys.cfg 2010/07/13 v1.3 Configuration of (r)epstopdf for TeX Liv
e
))
\AtBeginShipoutBox=\box27
Package hyperref Info: Link coloring ON on input line 32.

(/usr/share/texlive/texmf-dist/tex/latex/hyperref/nameref.sty
Package: nameref 2016/05/21 v2.44 Cross-referencing by name of section

(/usr/share/texlive/texmf-dist/tex/generic/oberdiek/gettitlestring.sty
Package: gettitlestring 2016/05/16 v1.5 Cleanup title references (HO)
)
\c@section@level=\count114
)
LaTeX Info: Redefining \ref on input line 32.
LaTeX Info: Redefining \pageref on input line 32.
LaTeX Info: Redefining \nameref on input line 32.
\@outlinefile=\write3
\openout3 = `ms.out'.

LaTeX Font Info:    Try loading font information for OT1+ztmcm on input line 35
.

(/usr/share/texlive/texmf-dist/tex/latex/psnfss/ot1ztmcm.fd
File: ot1ztmcm.fd 2000/01/03 Fontinst v1.801 font definitions for OT1/ztmcm.
)
LaTeX Font Info:    Try loading font information for OML+ztmcm on input line 35
.

(/usr/share/texlive/texmf-dist/tex/latex/psnfss/omlztmcm.fd
File: omlztmcm.fd 2000/01/03 Fontinst v1.801 font definitions for OML/ztmcm.
)
LaTeX Font Info:    Try loading font information for OMS+ztmcm on input line 35
.

(/usr/share/texlive/texmf-dist/tex/latex/psnfss/omsztmcm.fd
File: omsztmcm.fd 2000/01/03 Fontinst v1.801 font definitions for OMS/ztmcm.
)
LaTeX Font Info:    Try loading font information for OMX+ztmcm on input line 35
.

(/usr/share/texlive/texmf-dist/tex/latex/psnfss/omxztmcm.fd
File: omxztmcm.fd 2000/01/03 Fontinst v1.801 font definitions for OMX/ztmcm.
)
LaTeX Font Info:    Font shape `OT1/ptm/bx/n' in size <14.4> not available
(Font)              Font shape `OT1/ptm/b/n' tried instead on input line 35.
LaTeX Font Info:    Font shape `OT1/ptm/bx/n' in size <10.95> not available
(Font)              Font shape `OT1/ptm/b/n' tried instead on input line 35.
LaTeX Font Info:    Font shape `OT1/ptm/bx/n' in size <8> not available
(Font)              Font shape `OT1/ptm/b/n' tried instead on input line 35.
 [1



{/var/lib/texmf/fonts/map/pdftex/updmap/pdftex.map}]
LaTeX Font Info:    Font shape `OT1/ptm/bx/n' in size <24.88> not available
(Font)              Font shape `OT1/ptm/b/n' tried instead on input line 35.


Package hyperref Warning: old toc file detected, not used; run LaTeX again.

\tf@toc=\write4
\openout4 = `ms.toc'.

[2

]
\openout2 = `Mesinger/Preface.aux'.

 (./Mesinger/Preface.tex
LaTeX Font Info:    Font shape `OT1/ptm/bx/n' in size <12> not available
(Font)              Font shape `OT1/ptm/b/n' tried instead on input line 5.
LaTeX Font Info:    Font shape `OT1/ptm/bx/n' in size <9> not available
(Font)              Font shape `OT1/ptm/b/n' tried instead on input line 5.
LaTeX Font Info:    Font shape `OT1/ptm/bx/n' in size <7> not available
(Font)              Font shape `OT1/ptm/b/n' tried instead on input line 5.
) [3



]
\openout2 = `Mesinger/Author.aux'.

 (./Mesinger/Author.tex
<Mesinger/Author.pdf, id=22, 573.44016pt x 592.74127pt>
File: Mesinger/Author.pdf Graphic file (type pdf)

<use Mesinger/Author.pdf>
Package pdftex.def Info: Mesinger/Author.pdf used on input line 4.
(pdftex.def)             Requested size: 573.43875pt x 592.73982pt.

Overfull \hbox (132.42104pt too wide) in paragraph at lines 4--5
[] 
 []


Underfull \vbox (badness 10000) has occurred while \output is active []

 [4




]
Overfull \vbox (71.67464pt too high) has occurred while \output is active []


[5 <./Mesinger/Author.pdf>]) [6]
\openout2 = `Contributors.aux'.

 (./Contributors.tex) [7




] [8


]
\openout2 = `Furlanetto/chapter.aux'.


(./Furlanetto/chapter.tex
Chapter 1.

Underfull \hbox (badness 10000) in paragraph at lines 4--5

 []


Underfull \hbox (badness 10000) in paragraph at lines 6--8

 []

LaTeX Font Info:    Font shape `OT1/ptm/bx/n' in size <17.28> not available
(Font)              Font shape `OT1/ptm/b/n' tried instead on input line 12.

LaTeX Warning: Citation `diamantaras1996pcn' in file `Furlanetto/chapter' on pa
ge 1 undefined on input line 21.


LaTeX Warning: Citation `tulone2006pts' in file `Furlanetto/chapter' on page 1 
undefined on input line 22.

[1



]

LaTeX Warning: No positions in optional float specifier.
               Default added (so using `tbp') on input line 24.

<Furlanetto/01x01-eps-converted-to.pdf, id=70, 225.84375pt x 229.85875pt>
File: Furlanetto/01x01-eps-converted-to.pdf Graphic file (type pdf)

<use Furlanetto/01x01-eps-converted-to.pdf>
Package pdftex.def Info: Furlanetto/01x01-eps-converted-to.pdf used on input li
ne 26.
(pdftex.def)             Requested size: 220.50885pt x 224.4428pt.


LaTeX Warning: No positions in optional float specifier.
               Default added (so using `tbp') on input line 49.

Package epstopdf Info: Source file: <Furlanetto/01x02.eps>
(epstopdf)                    date: 2019-03-30 10:54:47
(epstopdf)                    size: 532821 bytes
(epstopdf)             Output file: <Furlanetto/01x02-eps-converted-to.pdf>
(epstopdf)                    date: 2019-03-30 10:54:47
(epstopdf)                    size: 150190 bytes
(epstopdf)             Command: <repstopdf --outfile=Furlanetto/01x02-eps-conve
rted-to.pdf Furlanetto/01x02.eps>
(epstopdf)             \includegraphics on input line 51.
Package epstopdf Info: Output file is already uptodate.
<Furlanetto/01x02-eps-converted-to.pdf, id=71, 647.41875pt x 404.51125pt>
File: Furlanetto/01x02-eps-converted-to.pdf Graphic file (type pdf)

<use Furlanetto/01x02-eps-converted-to.pdf>
Package pdftex.def Info: Furlanetto/01x02-eps-converted-to.pdf used on input li
ne 51.
(pdftex.def)             Requested size: 264.61331pt x 165.3322pt.
 (./Furlanetto/chapter.bbl [2 <./Furlanetto/01x01-eps-converted-to.pdf>] [3 <./
Furlanetto/01x02-eps-converted-to.pdf>])) [4

]
\openout2 = `Mirocha/chapter.aux'.

 (./Mirocha/chapter.tex
Chapter 2.

Underfull \hbox (badness 10000) in paragraph at lines 4--5

 []


Underfull \hbox (badness 10000) in paragraph at lines 6--8

 []


LaTeX Warning: Citation `diamantaras1996pcn' in file `Mirocha/chapter' on page 
5 undefined on input line 21.


LaTeX Warning: Citation `tulone2006pts' in file `Mirocha/chapter' on page 5 und
efined on input line 22.

[5




]

LaTeX Warning: No positions in optional float specifier.
               Default added (so using `tbp') on input line 24.

<Mirocha/01x01-eps-converted-to.pdf, id=106, 225.84375pt x 229.85875pt>
File: Mirocha/01x01-eps-converted-to.pdf Graphic file (type pdf)

<use Mirocha/01x01-eps-converted-to.pdf>
Package pdftex.def Info: Mirocha/01x01-eps-converted-to.pdf used on input line 
26.
(pdftex.def)             Requested size: 220.50885pt x 224.4428pt.


LaTeX Warning: No positions in optional float specifier.
               Default added (so using `tbp') on input line 49.

Package epstopdf Info: Source file: <Mirocha/01x02.eps>
(epstopdf)                    date: 2019-03-30 10:54:47
(epstopdf)                    size: 532821 bytes
(epstopdf)             Output file: <Mirocha/01x02-eps-converted-to.pdf>
(epstopdf)                    date: 2019-03-30 10:54:47
(epstopdf)                    size: 150190 bytes
(epstopdf)             Command: <repstopdf --outfile=Mirocha/01x02-eps-converte
d-to.pdf Mirocha/01x02.eps>
(epstopdf)             \includegraphics on input line 51.
Package epstopdf Info: Output file is already uptodate.
<Mirocha/01x02-eps-converted-to.pdf, id=107, 647.41875pt x 404.51125pt>
File: Mirocha/01x02-eps-converted-to.pdf Graphic file (type pdf)

<use Mirocha/01x02-eps-converted-to.pdf>
Package pdftex.def Info: Mirocha/01x02-eps-converted-to.pdf used on input line 
51.
(pdftex.def)             Requested size: 264.61331pt x 165.3322pt.
 (./Mirocha/chapter.bbl [6 <./Mirocha/01x01-eps-converted-to.pdf>] [7 <./Miroch
a/01x02-eps-converted-to.pdf>]))
[8

]
\openout2 = `Pritchard/chapter.aux'.

 (./Pritchard/chapter.tex
Chapter 3.

Underfull \hbox (badness 10000) in paragraph at lines 4--5

 []


Underfull \hbox (badness 10000) in paragraph at lines 6--8

 []

[9




]

LaTeX Warning: Citation `diamantaras1996pcn' in file `Pritchard/chapter' on pag
e 10 undefined on input line 49.


LaTeX Warning: Citation `tulone2006pts' in file `Pritchard/chapter' on page 10 
undefined on input line 50.

[10]

LaTeX Warning: No positions in optional float specifier.
               Default added (so using `tbp') on input line 52.

File: Mirocha/01x01-eps-converted-to.pdf Graphic file (type pdf)
<use Mirocha/01x01-eps-converted-to.pdf>
Package pdftex.def Info: Mirocha/01x01-eps-converted-to.pdf used on input line 
54.
(pdftex.def)             Requested size: 220.50885pt x 224.4428pt.


LaTeX Warning: No positions in optional float specifier.
               Default added (so using `tbp') on input line 77.

Package epstopdf Info: Source file: <Mirocha/01x02.eps>
(epstopdf)                    date: 2019-03-30 10:54:47
(epstopdf)                    size: 532821 bytes
(epstopdf)             Output file: <Mirocha/01x02-eps-converted-to.pdf>
(epstopdf)                    date: 2019-03-30 10:54:47
(epstopdf)                    size: 150190 bytes
(epstopdf)             Command: <repstopdf --outfile=Mirocha/01x02-eps-converte
d-to.pdf Mirocha/01x02.eps>
(epstopdf)             \includegraphics on input line 79.
Package epstopdf Info: Output file is already uptodate.
File: Mirocha/01x02-eps-converted-to.pdf Graphic file (type pdf)
<use Mirocha/01x02-eps-converted-to.pdf>
Package pdftex.def Info: Mirocha/01x02-eps-converted-to.pdf used on input line 
79.
(pdftex.def)             Requested size: 264.61331pt x 165.3322pt.

No file Pritchard/chapter.bbl.
) [11] [12]
\openout2 = `Greig/chapter.aux'.

 (./Greig/chapter.tex
Chapter 4.

Underfull \hbox (badness 10000) in paragraph at lines 4--5

 []


Underfull \hbox (badness 10000) in paragraph at lines 6--8

 []

[13




] [14]
Overfull \hbox (175.2673pt too wide) has occurred while \output is active
\OT1/ptm/m/sl/12 4.2.  OPTIMAL METHODS FOR EXTRACTING THE ASTROPHYSICS AND COSM
OLOGY FROM THE 21CM SIGNAL \OT1/ptm/m/n/12 15
 []

[15]
Underfull \hbox (badness 10000) in paragraph at lines 96--99

 []

LaTeX Font Info:    Try loading font information for OMS+ptm on input line 100.

(/usr/share/texlive/texmf-dist/tex/latex/psnfss/omsptm.fd
File: omsptm.fd 
)
LaTeX Font Info:    Font shape `OMS/ptm/m/n' in size <12> not available
(Font)              Font shape `OMS/cmsy/m/n' tried instead on input line 100.
 [16] [17] [18]
(./Greig/chapter.bbl [19]

LaTeX Warning: Empty `thebibliography' environment on input line 3.

)) [20

]
\openout2 = `Bernardi/chapter.aux'.

 (./Bernardi/chapter.tex
Chapter 5.

Underfull \hbox (badness 10000) in paragraph at lines 4--5

 []


Underfull \hbox (badness 10000) in paragraph at lines 6--8

 []


LaTeX Warning: Citation `diamantaras1996pcn' in file `Bernardi/chapter' on page
 21 undefined on input line 21.


LaTeX Warning: Citation `tulone2006pts' in file `Bernardi/chapter' on page 21 u
ndefined on input line 22.

[21




]

LaTeX Warning: No positions in optional float specifier.
               Default added (so using `tbp') on input line 24.

<Bernardi/01x01-eps-converted-to.pdf, id=232, 225.84375pt x 229.85875pt>
File: Bernardi/01x01-eps-converted-to.pdf Graphic file (type pdf)

<use Bernardi/01x01-eps-converted-to.pdf>
Package pdftex.def Info: Bernardi/01x01-eps-converted-to.pdf used on input line
 26.
(pdftex.def)             Requested size: 220.50885pt x 224.4428pt.


LaTeX Warning: No positions in optional float specifier.
               Default added (so using `tbp') on input line 49.

Package epstopdf Info: Source file: <Bernardi/01x02.eps>
(epstopdf)                    date: 2019-03-30 10:54:47
(epstopdf)                    size: 532821 bytes
(epstopdf)             Output file: <Bernardi/01x02-eps-converted-to.pdf>
(epstopdf)                    date: 2019-03-30 10:54:47
(epstopdf)                    size: 150190 bytes
(epstopdf)             Command: <repstopdf --outfile=Bernardi/01x02-eps-convert
ed-to.pdf Bernardi/01x02.eps>
(epstopdf)             \includegraphics on input line 51.
Package epstopdf Info: Output file is already uptodate.
<Bernardi/01x02-eps-converted-to.pdf, id=233, 647.41875pt x 404.51125pt>
File: Bernardi/01x02-eps-converted-to.pdf Graphic file (type pdf)

<use Bernardi/01x02-eps-converted-to.pdf>
Package pdftex.def Info: Bernardi/01x02-eps-converted-to.pdf used on input line
 51.
(pdftex.def)             Requested size: 264.61331pt x 165.3322pt.
 (./Bernardi/chapter.bbl [22 <./Bernardi/01x01-eps-converted-to.pdf>] [23 <./Be
rnardi/01x02-eps-converted-to.pdf>]))
[24

]
\openout2 = `Chapman_Jelic/chapter.aux'.

 (./Chapman_Jelic/chapter.tex
Chapter 6.

Underfull \hbox (badness 10000) in paragraph at lines 4--5

 []


Underfull \hbox (badness 10000) in paragraph at lines 6--8

 []


LaTeX Warning: Citation `diamantaras1996pcn' in file `Chapman_Jelic/chapter' on
 page 25 undefined on input line 21.


LaTeX Warning: Citation `tulone2006pts' in file `Chapman_Jelic/chapter' on page
 25 undefined on input line 22.

[25




]

LaTeX Warning: No positions in optional float specifier.
               Default added (so using `tbp') on input line 24.

<Chapman_Jelic/01x01-eps-converted-to.pdf, id=267, 225.84375pt x 229.85875pt>
File: Chapman_Jelic/01x01-eps-converted-to.pdf Graphic file (type pdf)

<use Chapman_Jelic/01x01-eps-converted-to.pdf>
Package pdftex.def Info: Chapman_Jelic/01x01-eps-converted-to.pdf used on input
 line 26.
(pdftex.def)             Requested size: 220.50885pt x 224.4428pt.


LaTeX Warning: No positions in optional float specifier.
               Default added (so using `tbp') on input line 49.

Package epstopdf Info: Source file: <Chapman_Jelic/01x02.eps>
(epstopdf)                    date: 2019-03-30 10:54:47
(epstopdf)                    size: 532821 bytes
(epstopdf)             Output file: <Chapman_Jelic/01x02-eps-converted-to.pdf>
(epstopdf)                    date: 2019-03-30 10:54:47
(epstopdf)                    size: 150190 bytes
(epstopdf)             Command: <repstopdf --outfile=Chapman_Jelic/01x02-eps-co
nverted-to.pdf Chapman_Jelic/01x02.eps>
(epstopdf)             \includegraphics on input line 51.
Package epstopdf Info: Output file is already uptodate.
<Chapman_Jelic/01x02-eps-converted-to.pdf, id=268, 647.41875pt x 404.51125pt>
File: Chapman_Jelic/01x02-eps-converted-to.pdf Graphic file (type pdf)

<use Chapman_Jelic/01x02-eps-converted-to.pdf>
Package pdftex.def Info: Chapman_Jelic/01x02-eps-converted-to.pdf used on input
 line 51.
(pdftex.def)             Requested size: 264.61331pt x 165.3322pt.
 (./Chapman_Jelic/chapter.bbl
[26 <./Chapman_Jelic/01x01-eps-converted-to.pdf>] [27 <./Chapman_Jelic/01x02-ep
s-converted-to.pdf>])) [28

]
\openout2 = `Greenhill_Subrahmanyan/chapter.aux'.

 (./Greenhill_Subrahmanyan/chapter.tex
Chapter 7.

Underfull \hbox (badness 10000) in paragraph at lines 4--5

 []


Underfull \hbox (badness 10000) in paragraph at lines 6--8

 []


LaTeX Warning: Citation `diamantaras1996pcn' in file `Greenhill_Subrahmanyan/ch
apter' on page 29 undefined on input line 21.


LaTeX Warning: Citation `tulone2006pts' in file `Greenhill_Subrahmanyan/chapter
' on page 29 undefined on input line 22.

[29




]

LaTeX Warning: No positions in optional float specifier.
               Default added (so using `tbp') on input line 24.


<Greenhill_Subrahmanyan/01x01-eps-converted-to.pdf, id=303, 225.84375pt x 229.8
5875pt>
File: Greenhill_Subrahmanyan/01x01-eps-converted-to.pdf Graphic file (type pdf)

 <use Greenhill_Subrahmanyan/01x01-eps-converted-to.pdf>
Package pdftex.def Info: Greenhill_Subrahmanyan/01x01-eps-converted-to.pdf used
 on input line 26.
(pdftex.def)             Requested size: 220.50885pt x 224.4428pt.


LaTeX Warning: No positions in optional float specifier.
               Default added (so using `tbp') on input line 49.

Package epstopdf Info: Source file: <Greenhill_Subrahmanyan/01x02.eps>
(epstopdf)                    date: 2019-03-30 10:54:47
(epstopdf)                    size: 532821 bytes
(epstopdf)             Output file: <Greenhill_Subrahmanyan/01x02-eps-converted
-to.pdf>
(epstopdf)                    date: 2019-03-30 10:54:47
(epstopdf)                    size: 150190 bytes
(epstopdf)             Command: <repstopdf --outfile=Greenhill_Subrahmanyan/01x
02-eps-converted-to.pdf Greenhill_Subrahmanyan/01x02.eps>
(epstopdf)             \includegraphics on input line 51.
Package epstopdf Info: Output file is already uptodate.

<Greenhill_Subrahmanyan/01x02-eps-converted-to.pdf, id=304, 647.41875pt x 404.5
1125pt>
File: Greenhill_Subrahmanyan/01x02-eps-converted-to.pdf Graphic file (type pdf)

 <use Greenhill_Subrahmanyan/01x02-eps-converted-to.pdf>
Package pdftex.def Info: Greenhill_Subrahmanyan/01x02-eps-converted-to.pdf used
 on input line 51.
(pdftex.def)             Requested size: 264.61331pt x 165.3322pt.

(./Greenhill_Subrahmanyan/chapter.bbl [30 <./Greenhill_Subrahmanyan/01x01-eps-c
onverted-to.pdf>] [31 <./Greenhill_Subrahmanyan/01x02-eps-converted-to.pdf>]))
[32

]
\openout2 = `Trott_Pober/chapter.aux'.

 (./Trott_Pober/chapter.tex
Chapter 8.

Underfull \hbox (badness 10000) in paragraph at lines 4--5

 []


Underfull \hbox (badness 10000) in paragraph at lines 6--8

 []


LaTeX Warning: No positions in optional float specifier.
               Default added (so using `tbp') on input line 25.

<Trott_Pober/01x01-eps-converted-to.pdf, id=330, 225.84375pt x 229.85875pt>
File: Trott_Pober/01x01-eps-converted-to.pdf Graphic file (type pdf)

<use Trott_Pober/01x01-eps-converted-to.pdf>
Package pdftex.def Info: Trott_Pober/01x01-eps-converted-to.pdf used on input l
ine 27.
(pdftex.def)             Requested size: 220.50885pt x 224.4428pt.
 [33




]

LaTeX Warning: No positions in optional float specifier.
               Default added (so using `tbp') on input line 50.

Package epstopdf Info: Source file: <Trott_Pober/01x02.eps>
(epstopdf)                    date: 2019-03-30 10:54:47
(epstopdf)                    size: 532821 bytes
(epstopdf)             Output file: <Trott_Pober/01x02-eps-converted-to.pdf>
(epstopdf)                    date: 2019-03-30 10:54:47
(epstopdf)                    size: 150190 bytes
(epstopdf)             Command: <repstopdf --outfile=Trott_Pober/01x02-eps-conv
erted-to.pdf Trott_Pober/01x02.eps>
(epstopdf)             \includegraphics on input line 52.
Package epstopdf Info: Output file is already uptodate.
<Trott_Pober/01x02-eps-converted-to.pdf, id=337, 647.41875pt x 404.51125pt>
File: Trott_Pober/01x02-eps-converted-to.pdf Graphic file (type pdf)

<use Trott_Pober/01x02-eps-converted-to.pdf>
Package pdftex.def Info: Trott_Pober/01x02-eps-converted-to.pdf used on input l
ine 52.
(pdftex.def)             Requested size: 264.61331pt x 165.3322pt.
 (./Trott_Pober/chapter.bbl
[34 <./Trott_Pober/01x01-eps-converted-to.pdf>] [35 <./Trott_Pober/01x02-eps-co
nverted-to.pdf>]

LaTeX Warning: Empty `thebibliography' environment on input line 3.

)) [36

]
\openout2 = `Koopmans_Bernardi/chapter.aux'.

 (./Koopmans_Bernardi/chapter.tex
Chapter 9.

Underfull \hbox (badness 10000) in paragraph at lines 4--5

 []


Underfull \hbox (badness 10000) in paragraph at lines 6--8

 []


LaTeX Warning: Citation `diamantaras1996pcn' in file `Koopmans_Bernardi/chapter
' on page 37 undefined on input line 21.


LaTeX Warning: Citation `tulone2006pts' in file `Koopmans_Bernardi/chapter' on 
page 37 undefined on input line 22.

[37




]

LaTeX Warning: No positions in optional float specifier.
               Default added (so using `tbp') on input line 24.


<Koopmans_Bernardi/01x01-eps-converted-to.pdf, id=369, 225.84375pt x 229.85875p
t>
File: Koopmans_Bernardi/01x01-eps-converted-to.pdf Graphic file (type pdf)
 <use Koopmans_Bernardi/01x01-eps-converted-to.pdf>
Package pdftex.def Info: Koopmans_Bernardi/01x01-eps-converted-to.pdf used on i
nput line 26.
(pdftex.def)             Requested size: 220.50885pt x 224.4428pt.


LaTeX Warning: No positions in optional float specifier.
               Default added (so using `tbp') on input line 49.

Package epstopdf Info: Source file: <Koopmans_Bernardi/01x02.eps>
(epstopdf)                    date: 2019-03-30 10:54:47
(epstopdf)                    size: 532821 bytes
(epstopdf)             Output file: <Koopmans_Bernardi/01x02-eps-converted-to.p
df>
(epstopdf)                    date: 2019-03-30 10:54:47
(epstopdf)                    size: 150190 bytes
(epstopdf)             Command: <repstopdf --outfile=Koopmans_Bernardi/01x02-ep
s-converted-to.pdf Koopmans_Bernardi/01x02.eps>
(epstopdf)             \includegraphics on input line 51.
Package epstopdf Info: Output file is already uptodate.

<Koopmans_Bernardi/01x02-eps-converted-to.pdf, id=370, 647.41875pt x 404.51125p
t>
File: Koopmans_Bernardi/01x02-eps-converted-to.pdf Graphic file (type pdf)
 <use Koopmans_Bernardi/01x02-eps-converted-to.pdf>
Package pdftex.def Info: Koopmans_Bernardi/01x02-eps-converted-to.pdf used on i
nput line 51.
(pdftex.def)             Requested size: 264.61331pt x 165.3322pt.

(./Koopmans_Bernardi/chapter.bbl [38 <./Koopmans_Bernardi/01x01-eps-converted-t
o.pdf>] [39 <./Koopmans_Bernardi/01x02-eps-converted-to.pdf>])) [40

]
Package atveryend Info: Empty hook `BeforeClearDocument' on input line 60.
Package atveryend Info: Empty hook `AfterLastShipout' on input line 60.
 (./ms.aux
(./Mesinger/Preface.aux) (./Mesinger/Author.aux) (./Contributors.aux)
(./Furlanetto/chapter.aux) (./Mirocha/chapter.aux) (./Pritchard/chapter.aux)
(./Greig/chapter.aux) (./Bernardi/chapter.aux) (./Chapman_Jelic/chapter.aux)
(./Greenhill_Subrahmanyan/chapter.aux) (./Trott_Pober/chapter.aux)
(./Koopmans_Bernardi/chapter.aux))
Package atveryend Info: Executing hook `AtVeryEndDocument' on input line 60.
Package atveryend Info: Executing hook `AtEndAfterFileList' on input line 60.


Package rerunfilecheck Warning: File `ms.out' has changed.
(rerunfilecheck)                Rerun to get outlines right
(rerunfilecheck)                or use package `bookmark'.

Package rerunfilecheck Info: Checksums for `ms.out':
(rerunfilecheck)             Before: <no file>
(rerunfilecheck)             After:  46C99E9FD59D0CD027C7B1B72C19ACAC;3421.

LaTeX Warning: There were undefined references.


LaTeX Warning: Label(s) may have changed. Rerun to get cross-references right.

Package atveryend Info: Empty hook `AtVeryVeryEnd' on input line 60.
 ) 
Here is how much of TeX's memory you used:
 6689 strings out of 494945
 100110 string characters out of 6181032
 185672 words of memory out of 5000000
 9638 multiletter control sequences out of 15000+600000
 40848 words of font info for 84 fonts, out of 8000000 for 9000
 14 hyphenation exceptions out of 8191
 30i,17n,31p,940b,352s stack positions out of 5000i,500n,10000p,200000b,80000s
{/usr/share/texlive/texmf-dist/fonts/enc/dvips/base/8r.enc}</usr/share/texliv
e/texmf-dist/fonts/type1/public/amsfonts/cm/cmex10.pfb></usr/share/texlive/texm
f-dist/fonts/type1/public/amsfonts/cm/cmmi10.pfb></usr/share/texlive/texmf-dist
/fonts/type1/public/amsfonts/cm/cmr10.pfb></usr/share/texlive/texmf-dist/fonts/
type1/public/amsfonts/cm/cmsy10.pfb></usr/share/texlive/texmf-dist/fonts/type1/
urw/symbol/usyr.pfb></usr/share/texlive/texmf-dist/fonts/type1/urw/symbol/usyr.
pfb></usr/share/texlive/texmf-dist/fonts/type1/urw/times/utmb8a.pfb></usr/share
/texlive/texmf-dist/fonts/type1/urw/times/utmr8a.pfb></usr/share/texlive/texmf-
dist/fonts/type1/urw/times/utmr8a.pfb></usr/share/texlive/texmf-dist/fonts/type
1/urw/times/utmri8a.pfb>
Output written on ms.pdf (48 pages, 2169299 bytes).
PDF statistics:
 467 PDF objects out of 1000 (max. 8388607)
 372 compressed objects within 4 object streams
 161 named destinations out of 1000 (max. 500000)
 76 words of extra memory for PDF output out of 10000 (max. 10000000)

