\BOOKMARK [0][-]{chapter.1}{Chapter title}{}% 1
\BOOKMARK [1][-]{section.1.1}{A Section}{chapter.1}% 2
\BOOKMARK [0][-]{chapter.2}{Chapter title}{}% 3
\BOOKMARK [1][-]{section.2.1}{A Section}{chapter.2}% 4
\BOOKMARK [0][-]{chapter.3}{Physical cosmology from the 21-cm line}{}% 5
\BOOKMARK [1][-]{section.3.1}{Physical cosmology through the 21-cm epoch}{chapter.3}% 6
\BOOKMARK [2][-]{subsection.3.1.1}{Dark matter}{section.3.1}% 7
\BOOKMARK [2][-]{subsection.3.1.2}{PMBH}{section.3.1}% 8
\BOOKMARK [1][-]{section.3.2}{Unique signatures of cosmology}{chapter.3}% 9
\BOOKMARK [2][-]{subsection.3.2.1}{Non-Gaussianity}{section.3.2}% 10
\BOOKMARK [2][-]{subsection.3.2.2}{IGM Heating}{section.3.2}% 11
\BOOKMARK [1][-]{section.3.3}{Separating cosmology from astrophysics}{chapter.3}% 12
\BOOKMARK [2][-]{subsection.3.3.1}{Redshift space distortions}{section.3.3}% 13
\BOOKMARK [2][-]{subsection.3.3.2}{Time evolution}{section.3.3}% 14
\BOOKMARK [1][-]{section.3.4}{Summary}{chapter.3}% 15
\BOOKMARK [0][-]{chapter.4}{Inference from the 21cm signal}{}% 16
\BOOKMARK [1][-]{section.4.1}{What do we actually measure?}{chapter.4}% 17
\BOOKMARK [1][-]{section.4.2}{Optimal methods for extracting the astrophysics and cosmology from the 21cm signal}{chapter.4}% 18
\BOOKMARK [2][-]{subsection.4.2.1}{Minkowski functionals}{section.4.2}% 19
\BOOKMARK [2][-]{subsection.4.2.2}{Global signal}{section.4.2}% 20
\BOOKMARK [2][-]{subsection.4.2.3}{Power spectrum}{section.4.2}% 21
\BOOKMARK [2][-]{subsection.4.2.4}{Skewness/Kurtosis/PDFs etc.}{section.4.2}% 22
\BOOKMARK [2][-]{subsection.4.2.5}{Bispectrum}{section.4.2}% 23
\BOOKMARK [2][-]{subsection.4.2.6}{Wavelets}{section.4.2}% 24
\BOOKMARK [2][-]{subsection.4.2.7}{Individual bubbles}{section.4.2}% 25
\BOOKMARK [2][-]{subsection.4.2.8}{Stacked images}{section.4.2}% 26
\BOOKMARK [2][-]{subsection.4.2.9}{Bubble size distributions/statistics}{section.4.2}% 27
\BOOKMARK [2][-]{subsection.4.2.10}{Other statistics}{section.4.2}% 28
\BOOKMARK [1][-]{section.4.3}{Efficient methods to model/simulate the 21cm signal}{chapter.4}% 29
\BOOKMARK [2][-]{subsection.4.3.1}{Numerical simulations}{section.4.3}% 30
\BOOKMARK [2][-]{subsection.4.3.2}{Semi-numerical/analytic models of the 21cm signal}{section.4.3}% 31
\BOOKMARK [2][-]{subsection.4.3.3}{Intelligent sampling of the parameter space}{section.4.3}% 32
\BOOKMARK [2][-]{subsection.4.3.4}{Emulators}{section.4.3}% 33
\BOOKMARK [2][-]{subsection.4.3.5}{Characterising our ignorance}{section.4.3}% 34
\BOOKMARK [1][-]{section.4.4}{Inference methods for 21cm}{chapter.4}% 35
\BOOKMARK [2][-]{subsection.4.4.1}{Fisher Matrices}{section.4.4}% 36
\BOOKMARK [2][-]{subsection.4.4.2}{Bayesian MCMC}{section.4.4}% 37
\BOOKMARK [2][-]{subsection.4.4.3}{Nested sampling and model inference}{section.4.4}% 38
\BOOKMARK [2][-]{subsection.4.4.4}{Neural Networks}{section.4.4}% 39
\BOOKMARK [0][-]{chapter.5}{Chapter title}{}% 40
\BOOKMARK [1][-]{section.5.1}{A Section}{chapter.5}% 41
\BOOKMARK [0][-]{chapter.6}{Chapter title}{}% 42
\BOOKMARK [1][-]{section.6.1}{A Section}{chapter.6}% 43
\BOOKMARK [0][-]{chapter.7}{Chapter title}{}% 44
\BOOKMARK [1][-]{section.7.1}{A Section}{chapter.7}% 45
\BOOKMARK [0][-]{chapter.8}{Status of 21 cm interferometric experiments}{}% 46
\BOOKMARK [1][-]{section.8.1}{High-level topics}{chapter.8}% 47
\BOOKMARK [0][-]{chapter.9}{Chapter title}{}% 48
\BOOKMARK [1][-]{section.9.1}{A Section}{chapter.9}% 49
