This is pdfTeX, Version 3.1415926-2.5-1.40.14 (TeX Live 2013) (format=pdflatex 2013.12.31)  30 JUN 2019 15:41
entering extended mode
 restricted \write18 enabled.
 file:line:error style messages enabled.
 %&-line parsing enabled.
**chapter.tex
(./chapter.tex
LaTeX2e <2011/06/27>
Babel <3.9f> and hyphenation patterns for 78 languages loaded.
./chapter.tex:1: Undefined control sequence.
l.1 \chapter
            {Inference from the 21cm signal}
? 
./chapter.tex:1: Emergency stop.
l.1 \chapter
            {Inference from the 21cm signal}
End of file on the terminal!

 
Here is how much of TeX's memory you used:
 5 strings out of 493315
 126 string characters out of 6137903
 52158 words of memory out of 5000000
 3557 multiletter control sequences out of 15000+600000
 3640 words of font info for 14 fonts, out of 8000000 for 9000
 957 hyphenation exceptions out of 8191
 5i,0n,1p,54b,8s stack positions out of 5000i,500n,10000p,200000b,80000s
./chapter.tex:1:  ==> Fatal error occurred, no output PDF file produced!
