This is pdfTeX, Version 3.14159265-2.6-1.40.16 (TeX Live 2015) (preloaded format=pdflatex 2015.5.24)  16 SEP 2019 10:26
entering extended mode
 \write18 enabled.
 %&-line parsing enabled.
**chapter.tex
(./chapter.tex
LaTeX2e <2015/01/01>
Babel <3.9l> and hyphenation patterns for 79 languages loaded.
(/usr/local/texlive/2015/texmf-dist/tex/latex/base/book.cls
Document Class: book 2014/09/29 v1.4h Standard LaTeX document class
(/usr/local/texlive/2015/texmf-dist/tex/latex/base/bk12.clo
File: bk12.clo 2014/09/29 v1.4h Standard LaTeX file (size option)
)
\c@part=\count79
\c@chapter=\count80
\c@section=\count81
\c@subsection=\count82
\c@subsubsection=\count83
\c@paragraph=\count84
\c@subparagraph=\count85
\c@figure=\count86
\c@table=\count87
\abovecaptionskip=\skip41
\belowcaptionskip=\skip42
\bibindent=\dimen102
)
(/usr/local/texlive/2015/texmf-dist/tex/latex/geometry/geometry.sty
Package: geometry 2010/09/12 v5.6 Page Geometry

(/usr/local/texlive/2015/texmf-dist/tex/latex/graphics/keyval.sty
Package: keyval 2014/10/28 v1.15 key=value parser (DPC)
\KV@toks@=\toks14
)
(/usr/local/texlive/2015/texmf-dist/tex/generic/oberdiek/ifpdf.sty
Package: ifpdf 2011/01/30 v2.3 Provides the ifpdf switch (HO)
Package ifpdf Info: pdfTeX in PDF mode is detected.
)
(/usr/local/texlive/2015/texmf-dist/tex/generic/oberdiek/ifvtex.sty
Package: ifvtex 2010/03/01 v1.5 Detect VTeX and its facilities (HO)
Package ifvtex Info: VTeX not detected.
)
(/usr/local/texlive/2015/texmf-dist/tex/generic/ifxetex/ifxetex.sty
Package: ifxetex 2010/09/12 v0.6 Provides ifxetex conditional
)
\Gm@cnth=\count88
\Gm@cntv=\count89
\c@Gm@tempcnt=\count90
\Gm@bindingoffset=\dimen103
\Gm@wd@mp=\dimen104
\Gm@odd@mp=\dimen105
\Gm@even@mp=\dimen106
\Gm@layoutwidth=\dimen107
\Gm@layoutheight=\dimen108
\Gm@layouthoffset=\dimen109
\Gm@layoutvoffset=\dimen110
\Gm@dimlist=\toks15
)
(/usr/local/texlive/2015/texmf-dist/tex/latex/psnfss/mathptmx.sty
Package: mathptmx 2005/04/12 PSNFSS-v9.2a Times w/ Math, improved (SPQR, WaS) 
LaTeX Font Info:    Redeclaring symbol font `operators' on input line 28.
LaTeX Font Info:    Overwriting symbol font `operators' in version `normal'
(Font)                  OT1/cmr/m/n --> OT1/ztmcm/m/n on input line 28.
LaTeX Font Info:    Overwriting symbol font `operators' in version `bold'
(Font)                  OT1/cmr/bx/n --> OT1/ztmcm/m/n on input line 28.
LaTeX Font Info:    Redeclaring symbol font `letters' on input line 29.
LaTeX Font Info:    Overwriting symbol font `letters' in version `normal'
(Font)                  OML/cmm/m/it --> OML/ztmcm/m/it on input line 29.
LaTeX Font Info:    Overwriting symbol font `letters' in version `bold'
(Font)                  OML/cmm/b/it --> OML/ztmcm/m/it on input line 29.
LaTeX Font Info:    Redeclaring symbol font `symbols' on input line 30.
LaTeX Font Info:    Overwriting symbol font `symbols' in version `normal'
(Font)                  OMS/cmsy/m/n --> OMS/ztmcm/m/n on input line 30.
LaTeX Font Info:    Overwriting symbol font `symbols' in version `bold'
(Font)                  OMS/cmsy/b/n --> OMS/ztmcm/m/n on input line 30.
LaTeX Font Info:    Redeclaring symbol font `largesymbols' on input line 31.
LaTeX Font Info:    Overwriting symbol font `largesymbols' in version `normal'
(Font)                  OMX/cmex/m/n --> OMX/ztmcm/m/n on input line 31.
LaTeX Font Info:    Overwriting symbol font `largesymbols' in version `bold'
(Font)                  OMX/cmex/m/n --> OMX/ztmcm/m/n on input line 31.
\symbold=\mathgroup4
\symitalic=\mathgroup5
LaTeX Font Info:    Redeclaring math alphabet \mathbf on input line 34.
LaTeX Font Info:    Overwriting math alphabet `\mathbf' in version `normal'
(Font)                  OT1/cmr/bx/n --> OT1/ptm/bx/n on input line 34.
LaTeX Font Info:    Overwriting math alphabet `\mathbf' in version `bold'
(Font)                  OT1/cmr/bx/n --> OT1/ptm/bx/n on input line 34.
LaTeX Font Info:    Redeclaring math alphabet \mathit on input line 35.
LaTeX Font Info:    Overwriting math alphabet `\mathit' in version `normal'
(Font)                  OT1/cmr/m/it --> OT1/ptm/m/it on input line 35.
LaTeX Font Info:    Overwriting math alphabet `\mathit' in version `bold'
(Font)                  OT1/cmr/bx/it --> OT1/ptm/m/it on input line 35.
LaTeX Info: Redefining \hbar on input line 50.
)
(/usr/local/texlive/2015/texmf-dist/tex/latex/graphics/graphicx.sty
Package: graphicx 2014/10/28 v1.0g Enhanced LaTeX Graphics (DPC,SPQR)

(/usr/local/texlive/2015/texmf-dist/tex/latex/graphics/graphics.sty
Package: graphics 2014/10/28 v1.0p Standard LaTeX Graphics (DPC,SPQR)

(/usr/local/texlive/2015/texmf-dist/tex/latex/graphics/trig.sty
Package: trig 1999/03/16 v1.09 sin cos tan (DPC)
)
(/usr/local/texlive/2015/texmf-dist/tex/latex/latexconfig/graphics.cfg
File: graphics.cfg 2010/04/23 v1.9 graphics configuration of TeX Live
)
Package graphics Info: Driver file: pdftex.def on input line 94.

(/usr/local/texlive/2015/texmf-dist/tex/latex/pdftex-def/pdftex.def
File: pdftex.def 2011/05/27 v0.06d Graphics/color for pdfTeX

(/usr/local/texlive/2015/texmf-dist/tex/generic/oberdiek/infwarerr.sty
Package: infwarerr 2010/04/08 v1.3 Providing info/warning/error messages (HO)
)
(/usr/local/texlive/2015/texmf-dist/tex/generic/oberdiek/ltxcmds.sty
Package: ltxcmds 2011/11/09 v1.22 LaTeX kernel commands for general use (HO)
)
\Gread@gobject=\count91
))
\Gin@req@height=\dimen111
\Gin@req@width=\dimen112
)
(/usr/local/texlive/2015/texmf-dist/tex/latex/cite/chapterbib.sty
\c@inputfile=\count92
Package: chapterbib 2010/09/18  v 1.17
)
(/usr/local/texlive/2015/texmf-dist/tex/latex/subfigure/subfigure.sty
Package: subfigure 2002/03/15 v2.1.5 subfigure package
\subfigtopskip=\skip43
\subfigcapskip=\skip44
\subfigcaptopadj=\dimen113
\subfigbottomskip=\skip45
\subfigcapmargin=\dimen114
\subfiglabelskip=\skip46
\c@subfigure=\count93
\c@lofdepth=\count94
\c@subtable=\count95
\c@lotdepth=\count96

****************************************
* Local config file subfigure.cfg used *
****************************************
(/usr/local/texlive/2015/texmf-dist/tex/latex/subfigure/subfigure.cfg)
\subfig@top=\skip47
\subfig@bottom=\skip48
)
(/usr/local/texlive/2015/texmf-dist/tex/latex/graphics/color.sty
Package: color 2014/10/28 v1.1a Standard LaTeX Color (DPC)

(/usr/local/texlive/2015/texmf-dist/tex/latex/latexconfig/color.cfg
File: color.cfg 2007/01/18 v1.5 color configuration of teTeX/TeXLive
)
Package color Info: Driver file: pdftex.def on input line 142.
)
(/usr/local/texlive/2015/texmf-dist/tex/latex/hyperref/hyperref.sty
Package: hyperref 2012/11/06 v6.83m Hypertext links for LaTeX

(/usr/local/texlive/2015/texmf-dist/tex/generic/oberdiek/hobsub-hyperref.sty
Package: hobsub-hyperref 2012/05/28 v1.13 Bundle oberdiek, subset hyperref (HO)


(/usr/local/texlive/2015/texmf-dist/tex/generic/oberdiek/hobsub-generic.sty
Package: hobsub-generic 2012/05/28 v1.13 Bundle oberdiek, subset generic (HO)
Package: hobsub 2012/05/28 v1.13 Construct package bundles (HO)
Package hobsub Info: Skipping package `infwarerr' (already loaded).
Package hobsub Info: Skipping package `ltxcmds' (already loaded).
Package: ifluatex 2010/03/01 v1.3 Provides the ifluatex switch (HO)
Package ifluatex Info: LuaTeX not detected.
Package hobsub Info: Skipping package `ifvtex' (already loaded).
Package: intcalc 2007/09/27 v1.1 Expandable calculations with integers (HO)
Package hobsub Info: Skipping package `ifpdf' (already loaded).
Package: etexcmds 2011/02/16 v1.5 Avoid name clashes with e-TeX commands (HO)
Package etexcmds Info: Could not find \expanded.
(etexcmds)             That can mean that you are not using pdfTeX 1.50 or
(etexcmds)             that some package has redefined \expanded.
(etexcmds)             In the latter case, load this package earlier.
Package: kvsetkeys 2012/04/25 v1.16 Key value parser (HO)
Package: kvdefinekeys 2011/04/07 v1.3 Define keys (HO)
Package: pdftexcmds 2011/11/29 v0.20 Utility functions of pdfTeX for LuaTeX (HO
)
Package pdftexcmds Info: LuaTeX not detected.
Package pdftexcmds Info: \pdf@primitive is available.
Package pdftexcmds Info: \pdf@ifprimitive is available.
Package pdftexcmds Info: \pdfdraftmode found.
Package: pdfescape 2011/11/25 v1.13 Implements pdfTeX's escape features (HO)
Package: bigintcalc 2012/04/08 v1.3 Expandable calculations on big integers (HO
)
Package: bitset 2011/01/30 v1.1 Handle bit-vector datatype (HO)
Package: uniquecounter 2011/01/30 v1.2 Provide unlimited unique counter (HO)
)
Package hobsub Info: Skipping package `hobsub' (already loaded).
Package: letltxmacro 2010/09/02 v1.4 Let assignment for LaTeX macros (HO)
Package: hopatch 2012/05/28 v1.2 Wrapper for package hooks (HO)
Package: xcolor-patch 2011/01/30 xcolor patch
Package: atveryend 2011/06/30 v1.8 Hooks at the very end of document (HO)
Package atveryend Info: \enddocument detected (standard20110627).
Package: atbegshi 2011/10/05 v1.16 At begin shipout hook (HO)
Package: refcount 2011/10/16 v3.4 Data extraction from label references (HO)
Package: hycolor 2011/01/30 v1.7 Color options for hyperref/bookmark (HO)
)
(/usr/local/texlive/2015/texmf-dist/tex/latex/oberdiek/auxhook.sty
Package: auxhook 2011/03/04 v1.3 Hooks for auxiliary files (HO)
)
(/usr/local/texlive/2015/texmf-dist/tex/latex/oberdiek/kvoptions.sty
Package: kvoptions 2011/06/30 v3.11 Key value format for package options (HO)
)
\@linkdim=\dimen115
\Hy@linkcounter=\count97
\Hy@pagecounter=\count98

(/usr/local/texlive/2015/texmf-dist/tex/latex/hyperref/pd1enc.def
File: pd1enc.def 2012/11/06 v6.83m Hyperref: PDFDocEncoding definition (HO)
)
\Hy@SavedSpaceFactor=\count99

(/usr/local/texlive/2015/texmf-dist/tex/latex/latexconfig/hyperref.cfg
File: hyperref.cfg 2002/06/06 v1.2 hyperref configuration of TeXLive
)
Package hyperref Info: Option `colorlinks' set `true' on input line 4319.
Package hyperref Info: Hyper figures OFF on input line 4443.
Package hyperref Info: Link nesting OFF on input line 4448.
Package hyperref Info: Hyper index ON on input line 4451.
Package hyperref Info: Plain pages OFF on input line 4458.
Package hyperref Info: Backreferencing OFF on input line 4463.
Package hyperref Info: Implicit mode ON; LaTeX internals redefined.
Package hyperref Info: Bookmarks ON on input line 4688.
\c@Hy@tempcnt=\count100

(/usr/local/texlive/2015/texmf-dist/tex/latex/url/url.sty
\Urlmuskip=\muskip10
Package: url 2013/09/16  ver 3.4  Verb mode for urls, etc.
)
LaTeX Info: Redefining \url on input line 5041.
\XeTeXLinkMargin=\dimen116
\Fld@menulength=\count101
\Field@Width=\dimen117
\Fld@charsize=\dimen118
Package hyperref Info: Hyper figures OFF on input line 6295.
Package hyperref Info: Link nesting OFF on input line 6300.
Package hyperref Info: Hyper index ON on input line 6303.
Package hyperref Info: backreferencing OFF on input line 6310.
Package hyperref Info: Link coloring ON on input line 6313.
Package hyperref Info: Link coloring with OCG OFF on input line 6320.
Package hyperref Info: PDF/A mode OFF on input line 6325.
LaTeX Info: Redefining \ref on input line 6365.
LaTeX Info: Redefining \pageref on input line 6369.
\Hy@abspage=\count102
\c@Item=\count103
\c@Hfootnote=\count104
)

Package hyperref Message: Driver (autodetected): hpdftex.

(/usr/local/texlive/2015/texmf-dist/tex/latex/hyperref/hpdftex.def
File: hpdftex.def 2012/11/06 v6.83m Hyperref driver for pdfTeX
\Fld@listcount=\count105
\c@bookmark@seq@number=\count106

(/usr/local/texlive/2015/texmf-dist/tex/latex/oberdiek/rerunfilecheck.sty
Package: rerunfilecheck 2011/04/15 v1.7 Rerun checks for auxiliary files (HO)
Package uniquecounter Info: New unique counter `rerunfilecheck' on input line 2
82.
)
\Hy@SectionHShift=\skip49
)
(/usr/local/texlive/2015/texmf-dist/tex/generic/babel/babel.sty
Package: babel 2014/09/25 3.9l The Babel package

(/usr/local/texlive/2015/texmf-dist/tex/generic/babel-english/english.ldf
Language: english 2012/08/20 v3.3p English support from the babel system

(/usr/local/texlive/2015/texmf-dist/tex/generic/babel/babel.def
File: babel.def 2014/09/25 3.9l Babel common definitions
\babel@savecnt=\count107
\U@D=\dimen119
)
\l@canadian = a dialect from \language\l@american 
\l@australian = a dialect from \language\l@british 
\l@newzealand = a dialect from \language\l@british 
))
(./chapter.aux)
\openout1 = `chapter.aux'.

LaTeX Font Info:    Checking defaults for OML/cmm/m/it on input line 47.
LaTeX Font Info:    ... okay on input line 47.
LaTeX Font Info:    Checking defaults for T1/cmr/m/n on input line 47.
LaTeX Font Info:    ... okay on input line 47.
LaTeX Font Info:    Checking defaults for OT1/cmr/m/n on input line 47.
LaTeX Font Info:    ... okay on input line 47.
LaTeX Font Info:    Checking defaults for OMS/cmsy/m/n on input line 47.
LaTeX Font Info:    ... okay on input line 47.
LaTeX Font Info:    Checking defaults for OMX/cmex/m/n on input line 47.
LaTeX Font Info:    ... okay on input line 47.
LaTeX Font Info:    Checking defaults for U/cmr/m/n on input line 47.
LaTeX Font Info:    ... okay on input line 47.
LaTeX Font Info:    Checking defaults for PD1/pdf/m/n on input line 47.
LaTeX Font Info:    ... okay on input line 47.
LaTeX Font Info:    Try loading font information for OT1+ptm on input line 47.
 (/usr/local/texlive/2015/texmf-dist/tex/latex/psnfss/ot1ptm.fd
File: ot1ptm.fd 2001/06/04 font definitions for OT1/ptm.
)
*geometry* driver: auto-detecting
*geometry* detected driver: pdftex
*geometry* verbose mode - [ preamble ] result:
* driver: pdftex
* paper: a4paper
* layout: <same size as paper>
* layoutoffset:(h,v)=(0.0pt,0.0pt)
* hratio: 1:1
* vratio: 1:1
* modes: twoside 
* h-part:(L,W,R)=(78.24507pt, 441.01772pt, 78.24509pt)
* v-part:(T,H,B)=(95.31673pt, 654.41338pt, 95.31674pt)
* \paperwidth=597.50787pt
* \paperheight=845.04684pt
* \textwidth=441.01772pt
* \textheight=654.41338pt
* \oddsidemargin=5.97508pt
* \evensidemargin=5.9751pt
* \topmargin=-8.82706pt
* \headheight=12.0pt
* \headsep=19.8738pt
* \topskip=12.0pt
* \footskip=30.0pt
* \marginparwidth=88.0pt
* \marginparsep=7.0pt
* \columnsep=10.0pt
* \skip\footins=10.8pt plus 4.0pt minus 2.0pt
* \hoffset=0.0pt
* \voffset=0.0pt
* \mag=1000
* \@twocolumnfalse
* \@twosidetrue
* \@mparswitchtrue
* \@reversemarginfalse
* (1in=72.27pt=25.4mm, 1cm=28.453pt)

\big@size=\dimen120
(/usr/local/texlive/2015/texmf-dist/tex/context/base/supp-pdf.mkii
[Loading MPS to PDF converter (version 2006.09.02).]
\scratchcounter=\count108
\scratchdimen=\dimen121
\scratchbox=\box26
\nofMPsegments=\count109
\nofMParguments=\count110
\everyMPshowfont=\toks16
\MPscratchCnt=\count111
\MPscratchDim=\dimen122
\MPnumerator=\count112
\makeMPintoPDFobject=\count113
\everyMPtoPDFconversion=\toks17
) (/usr/local/texlive/2015/texmf-dist/tex/latex/oberdiek/epstopdf-base.sty
Package: epstopdf-base 2010/02/09 v2.5 Base part for package epstopdf

(/usr/local/texlive/2015/texmf-dist/tex/latex/oberdiek/grfext.sty
Package: grfext 2010/08/19 v1.1 Manage graphics extensions (HO)
)
Package grfext Info: Graphics extension search list:
(grfext)             [.png,.pdf,.jpg,.mps,.jpeg,.jbig2,.jb2,.PNG,.PDF,.JPG,.JPE
G,.JBIG2,.JB2,.eps]
(grfext)             \AppendGraphicsExtensions on input line 452.

(/usr/local/texlive/2015/texmf-dist/tex/latex/latexconfig/epstopdf-sys.cfg
File: epstopdf-sys.cfg 2010/07/13 v1.3 Configuration of (r)epstopdf for TeX Liv
e
))
\AtBeginShipoutBox=\box27
Package hyperref Info: Link coloring ON on input line 47.

(/usr/local/texlive/2015/texmf-dist/tex/latex/hyperref/nameref.sty
Package: nameref 2012/10/27 v2.43 Cross-referencing by name of section

(/usr/local/texlive/2015/texmf-dist/tex/generic/oberdiek/gettitlestring.sty
Package: gettitlestring 2010/12/03 v1.4 Cleanup title references (HO)
)
\c@section@level=\count114
)
LaTeX Info: Redefining \ref on input line 47.
LaTeX Info: Redefining \pageref on input line 47.
LaTeX Info: Redefining \nameref on input line 47.

(./chapter.out) (./chapter.out)
\@outlinefile=\write3
\openout3 = `chapter.out'.


Chapter 1.
LaTeX Font Info:    Font shape `OT1/ptm/bx/n' in size <24.88> not available
(Font)              Font shape `OT1/ptm/b/n' tried instead on input line 49.
LaTeX Font Info:    Font shape `OT1/ptm/bx/n' in size <12> not available
(Font)              Font shape `OT1/ptm/b/n' tried instead on input line 51.
LaTeX Font Info:    Try loading font information for OT1+ztmcm on input line 54
.
(/usr/local/texlive/2015/texmf-dist/tex/latex/psnfss/ot1ztmcm.fd
File: ot1ztmcm.fd 2000/01/03 Fontinst v1.801 font definitions for OT1/ztmcm.
)
LaTeX Font Info:    Try loading font information for OML+ztmcm on input line 54
.

(/usr/local/texlive/2015/texmf-dist/tex/latex/psnfss/omlztmcm.fd
File: omlztmcm.fd 2000/01/03 Fontinst v1.801 font definitions for OML/ztmcm.
)
LaTeX Font Info:    Try loading font information for OMS+ztmcm on input line 54
.

(/usr/local/texlive/2015/texmf-dist/tex/latex/psnfss/omsztmcm.fd
File: omsztmcm.fd 2000/01/03 Fontinst v1.801 font definitions for OMS/ztmcm.
)
LaTeX Font Info:    Try loading font information for OMX+ztmcm on input line 54
.

(/usr/local/texlive/2015/texmf-dist/tex/latex/psnfss/omxztmcm.fd
File: omxztmcm.fd 2000/01/03 Fontinst v1.801 font definitions for OMX/ztmcm.
)
LaTeX Font Info:    Font shape `OT1/ptm/bx/n' in size <9> not available
(Font)              Font shape `OT1/ptm/b/n' tried instead on input line 54.
LaTeX Font Info:    Font shape `OT1/ptm/bx/n' in size <7> not available
(Font)              Font shape `OT1/ptm/b/n' tried instead on input line 54.

Overfull \hbox (11.4862pt too wide) in paragraph at lines 54--56
\OT1/ptm/b/n/12 We re-view some of the fun-da-men-tal physics nec-es-sary for c
om-put-ing the highly-redshifted
 []


Underfull \hbox (badness 10000) in paragraph at lines 54--56

 []

LaTeX Font Info:    Font shape `OT1/ptm/bx/n' in size <17.28> not available
(Font)              Font shape `OT1/ptm/b/n' tried instead on input line 59.
[1


{/usr/local/texlive/2015/texmf-var/fonts/map/pdftex/updmap/pdftex.map}]
Overfull \hbox (36.89964pt too wide) has occurred while \output is active
\OT1/ptm/m/n/12 2 \OT1/ptm/m/sl/12 CHAPTER 1.  THEORETICAL FRAMEWORK: THE FUNDA
MENTALS OF THE 21-CM LINE
 []

[2] [3]
LaTeX Font Info:    Font shape `OT1/ptm/bx/n' in size <14.4> not available
(Font)              Font shape `OT1/ptm/b/n' tried instead on input line 148.


LaTeX Warning: No positions in optional float specifier.
               Default added (so using `tbp') on input line 160.

Package epstopdf Info: Source file: <figure2-1.eps>
(epstopdf)                    date: 2006-10-26 09:17:01
(epstopdf)                    size: 32760 bytes
(epstopdf)             Output file: <figure2-1-eps-converted-to.pdf>
(epstopdf)                    date: 2019-07-01 13:13:12
(epstopdf)                    size: 19193 bytes
(epstopdf)             Command: <epstopdf --outfile=figure2-1-eps-converted-to.
pdf figure2-1.eps>
(epstopdf)             \includegraphics on input line 162.
Package epstopdf Info: Output file is already uptodate.
<figure2-1-eps-converted-to.pdf, id=89, 576.1525pt x 576.1525pt>
File: figure2-1-eps-converted-to.pdf Graphic file (type pdf)

<use figure2-1-eps-converted-to.pdf>
Package pdftex.def Info: figure2-1-eps-converted-to.pdf used on input line 162.

(pdftex.def)             Requested size: 220.50885pt x 220.50508pt.
Missing character: There is no Ó in font ptmr7t!
Missing character: There is no Ó in font ptmr7t!
LaTeX Font Info:    Font shape `OT1/ptm/bx/n' in size <10> not available
(Font)              Font shape `OT1/ptm/b/n' tried instead on input line 180.
LaTeX Font Info:    Font shape `OT1/ptm/bx/n' in size <7.4> not available
(Font)              Font shape `OT1/ptm/b/n' tried instead on input line 180.
LaTeX Font Info:    Font shape `OT1/ptm/bx/n' in size <6> not available
(Font)              Font shape `OT1/ptm/b/n' tried instead on input line 180.

Overfull \hbox (36.89964pt too wide) has occurred while \output is active
\OT1/ptm/m/n/12 4 \OT1/ptm/m/sl/12 CHAPTER 1.  THEORETICAL FRAMEWORK: THE FUNDA
MENTALS OF THE 21-CM LINE
 []

[4] [5 <./figure2-1-eps-converted-to.pdf>]

LaTeX Warning: No positions in optional float specifier.
               Default added (so using `tbp') on input line 188.

Package epstopdf Info: Source file: <figure2-2.eps>
(epstopdf)                    date: 2006-07-31 14:45:50
(epstopdf)                    size: 8717 bytes
(epstopdf)             Output file: <figure2-2-eps-converted-to.pdf>
(epstopdf)                    date: 2019-07-01 13:13:38
(epstopdf)                    size: 5570 bytes
(epstopdf)             Command: <epstopdf --outfile=figure2-2-eps-converted-to.
pdf figure2-2.eps>
(epstopdf)             \includegraphics on input line 190.
Package epstopdf Info: Output file is already uptodate.
<figure2-2-eps-converted-to.pdf, id=115, 576.1525pt x 576.1525pt>
File: figure2-2-eps-converted-to.pdf Graphic file (type pdf)

<use figure2-2-eps-converted-to.pdf>
Package pdftex.def Info: figure2-2-eps-converted-to.pdf used on input line 190.

(pdftex.def)             Requested size: 264.61331pt x 264.62016pt.
Missing character: There is no Ó in font ptmr7t!
Missing character: There is no Ó in font ptmr7t!

Overfull \hbox (36.89964pt too wide) has occurred while \output is active
\OT1/ptm/m/n/12 6 \OT1/ptm/m/sl/12 CHAPTER 1.  THEORETICAL FRAMEWORK: THE FUNDA
MENTALS OF THE 21-CM LINE
 []

[6] [7 <./figure2-2-eps-converted-to.pdf>]
Overfull \hbox (36.89964pt too wide) has occurred while \output is active
\OT1/ptm/m/n/12 8 \OT1/ptm/m/sl/12 CHAPTER 1.  THEORETICAL FRAMEWORK: THE FUNDA
MENTALS OF THE 21-CM LINE
 []

[8]

LaTeX Warning: No positions in optional float specifier.
               Default added (so using `tbp') on input line 238.

Package epstopdf Info: Source file: <figure2-3.eps>
(epstopdf)                    date: 2006-07-31 14:45:50
(epstopdf)                    size: 5226 bytes
(epstopdf)             Output file: <figure2-3-eps-converted-to.pdf>
(epstopdf)                    date: 2019-07-01 13:16:38
(epstopdf)                    size: 4082 bytes
(epstopdf)             Command: <epstopdf --outfile=figure2-3-eps-converted-to.
pdf figure2-3.eps>
(epstopdf)             \includegraphics on input line 240.
Package epstopdf Info: Output file is already uptodate.
<figure2-3-eps-converted-to.pdf, id=165, 576.1525pt x 576.1525pt>
File: figure2-3-eps-converted-to.pdf Graphic file (type pdf)

<use figure2-3-eps-converted-to.pdf>
Package pdftex.def Info: figure2-3-eps-converted-to.pdf used on input line 240.

(pdftex.def)             Requested size: 264.61331pt x 264.62016pt.
Missing character: There is no Ó in font ptmr7t!
Missing character: There is no Ó in font ptmr7t!
 [9]
Overfull \hbox (42.89964pt too wide) has occurred while \output is active
\OT1/ptm/m/n/12 10 \OT1/ptm/m/sl/12 CHAPTER 1.  THEORETICAL FRAMEWORK: THE FUND
AMENTALS OF THE 21-CM LINE
 []

[10 <./figure2-3-eps-converted-to.pdf>] [11]

LaTeX Warning: No positions in optional float specifier.
               Default added (so using `tbp') on input line 309.

Package epstopdf Info: Source file: <figure2-4.eps>
(epstopdf)                    date: 2006-07-31 14:45:50
(epstopdf)                    size: 13201 bytes
(epstopdf)             Output file: <figure2-4-eps-converted-to.pdf>
(epstopdf)                    date: 2019-07-01 13:17:24
(epstopdf)                    size: 7045 bytes
(epstopdf)             Command: <epstopdf --outfile=figure2-4-eps-converted-to.
pdf figure2-4.eps>
(epstopdf)             \includegraphics on input line 311.
Package epstopdf Info: Output file is already uptodate.
<figure2-4-eps-converted-to.pdf, id=206, 576.1525pt x 576.1525pt>
File: figure2-4-eps-converted-to.pdf Graphic file (type pdf)

<use figure2-4-eps-converted-to.pdf>
Package pdftex.def Info: figure2-4-eps-converted-to.pdf used on input line 311.

(pdftex.def)             Requested size: 264.61331pt x 264.62016pt.

Overfull \hbox (42.89964pt too wide) has occurred while \output is active
\OT1/ptm/m/n/12 12 \OT1/ptm/m/sl/12 CHAPTER 1.  THEORETICAL FRAMEWORK: THE FUND
AMENTALS OF THE 21-CM LINE
 []

[12] [13 <./figure2-4-eps-converted-to.pdf>]
LaTeX Font Info:    Font shape `OT1/ptm/bx/n' in size <10.95> not available
(Font)              Font shape `OT1/ptm/b/n' tried instead on input line 344.
LaTeX Font Info:    Font shape `OT1/ptm/bx/n' in size <8> not available
(Font)              Font shape `OT1/ptm/b/n' tried instead on input line 344.


Package hyperref Warning: Token not allowed in a PDF string (PDFDocEncoding):
(hyperref)                removing `math shift' on input line 344.


Package hyperref Warning: Token not allowed in a PDF string (PDFDocEncoding):
(hyperref)                removing `\alpha' on input line 344.


Package hyperref Warning: Token not allowed in a PDF string (PDFDocEncoding):
(hyperref)                removing `math shift' on input line 344.


Overfull \hbox (42.89964pt too wide) has occurred while \output is active
\OT1/ptm/m/n/12 14 \OT1/ptm/m/sl/12 CHAPTER 1.  THEORETICAL FRAMEWORK: THE FUND
AMENTALS OF THE 21-CM LINE
 []

[14] [15]

LaTeX Warning: No positions in optional float specifier.
               Default added (so using `tbp') on input line 396.

Package epstopdf Info: Source file: <figure2-5a.eps>
(epstopdf)                    date: 2009-09-22 07:53:31
(epstopdf)                    size: 33176 bytes
(epstopdf)             Output file: <figure2-5a-eps-converted-to.pdf>
(epstopdf)                    date: 2019-07-09 09:31:48
(epstopdf)                    size: 16243 bytes
(epstopdf)             Command: <epstopdf --outfile=figure2-5a-eps-converted-to
.pdf figure2-5a.eps>
(epstopdf)             \includegraphics on input line 398.
Package epstopdf Info: Output file is already uptodate.
<figure2-5a-eps-converted-to.pdf, id=258, 576.1525pt x 576.1525pt>
File: figure2-5a-eps-converted-to.pdf Graphic file (type pdf)

<use figure2-5a-eps-converted-to.pdf>
Package pdftex.def Info: figure2-5a-eps-converted-to.pdf used on input line 398
.
(pdftex.def)             Requested size: 176.40439pt x 176.40758pt.
Package epstopdf Info: Source file: <figure2-5b.eps>
(epstopdf)                    date: 2009-09-22 07:53:41
(epstopdf)                    size: 26900 bytes
(epstopdf)             Output file: <figure2-5b-eps-converted-to.pdf>
(epstopdf)                    date: 2019-07-09 09:31:48
(epstopdf)                    size: 14977 bytes
(epstopdf)             Command: <epstopdf --outfile=figure2-5b-eps-converted-to
.pdf figure2-5b.eps>
(epstopdf)             \includegraphics on input line 398.
Package epstopdf Info: Output file is already uptodate.

<figure2-5b-eps-converted-to.pdf, id=259, 576.1525pt x 576.1525pt>
File: figure2-5b-eps-converted-to.pdf Graphic file (type pdf)

<use figure2-5b-eps-converted-to.pdf>
Package pdftex.def Info: figure2-5b-eps-converted-to.pdf used on input line 398
.
(pdftex.def)             Requested size: 176.40439pt x 176.40758pt.
Package epstopdf Info: Source file: <figure2-5c.eps>
(epstopdf)                    date: 2009-09-22 07:53:46
(epstopdf)                    size: 33749 bytes
(epstopdf)             Output file: <figure2-5c-eps-converted-to.pdf>
(epstopdf)                    date: 2019-07-09 09:31:48
(epstopdf)                    size: 16757 bytes
(epstopdf)             Command: <epstopdf --outfile=figure2-5c-eps-converted-to
.pdf figure2-5c.eps>
(epstopdf)             \includegraphics on input line 399.
Package epstopdf Info: Output file is already uptodate.

<figure2-5c-eps-converted-to.pdf, id=260, 576.1525pt x 576.1525pt>
File: figure2-5c-eps-converted-to.pdf Graphic file (type pdf)

<use figure2-5c-eps-converted-to.pdf>
Package pdftex.def Info: figure2-5c-eps-converted-to.pdf used on input line 399
.
(pdftex.def)             Requested size: 176.40439pt x 176.40758pt.
Package epstopdf Info: Source file: <figure2-5d.eps>
(epstopdf)                    date: 2009-09-22 07:54:18
(epstopdf)                    size: 24468 bytes
(epstopdf)             Output file: <figure2-5d-eps-converted-to.pdf>
(epstopdf)                    date: 2019-07-09 09:31:48
(epstopdf)                    size: 14090 bytes
(epstopdf)             Command: <epstopdf --outfile=figure2-5d-eps-converted-to
.pdf figure2-5d.eps>
(epstopdf)             \includegraphics on input line 399.
Package epstopdf Info: Output file is already uptodate.

<figure2-5d-eps-converted-to.pdf, id=261, 576.1525pt x 576.1525pt>
File: figure2-5d-eps-converted-to.pdf Graphic file (type pdf)

<use figure2-5d-eps-converted-to.pdf>
Package pdftex.def Info: figure2-5d-eps-converted-to.pdf used on input line 399
.
(pdftex.def)             Requested size: 176.40439pt x 176.40758pt.
Missing character: There is no Ó in font ptmr7t!
Missing character: There is no Ó in font ptmr7t!
 (./chapter.bbl
Overfull \hbox (42.89964pt too wide) has occurred while \output is active
\OT1/ptm/m/n/12 16 \OT1/ptm/m/sl/12 CHAPTER 1.  THEORETICAL FRAMEWORK: THE FUND
AMENTALS OF THE 21-CM LINE
 []

[16] [17 <./figure2-5a-eps-converted-to.pdf> <./figure2-5b-eps-converted-to.pdf
> <./figure2-5c-eps-converted-to.pdf> <./figure2-5d-eps-converted-to.pdf>]
[18

])
Package atveryend Info: Empty hook `BeforeClearDocument' on input line 422.
 [19] [20]
Package atveryend Info: Empty hook `AfterLastShipout' on input line 422.
 (./chapter.aux)
Package atveryend Info: Executing hook `AtVeryEndDocument' on input line 422.
Package atveryend Info: Executing hook `AtEndAfterFileList' on input line 422.
Package rerunfilecheck Info: File `chapter.out' has not changed.
(rerunfilecheck)             Checksum: 051A432EC4BA03163F06FE686247CC67;793.
Package atveryend Info: Empty hook `AtVeryVeryEnd' on input line 422.
 ) 
Here is how much of TeX's memory you used:
 6614 strings out of 493089
 97584 string characters out of 6134842
 199332 words of memory out of 5000000
 9855 multiletter control sequences out of 15000+600000
 60681 words of font info for 127 fonts, out of 8000000 for 9000
 1141 hyphenation exceptions out of 8191
 29i,11n,31p,1355b,452s stack positions out of 5000i,500n,10000p,200000b,80000s
{/usr/local/texlive/2015/texmf-dist/fonts/enc/dvips/base/8r.enc}</usr/local/t
exlive/2015/texmf-dist/fonts/type1/public/amsfonts/cm/cmex10.pfb></usr/local/te
xlive/2015/texmf-dist/fonts/type1/public/amsfonts/cm/cmmi10.pfb></usr/local/tex
live/2015/texmf-dist/fonts/type1/public/amsfonts/cm/cmr10.pfb></usr/local/texli
ve/2015/texmf-dist/fonts/type1/public/amsfonts/cm/cmsy10.pfb></usr/local/texliv
e/2015/texmf-dist/fonts/type1/public/rsfs/rsfs10.pfb></usr/local/texlive/2015/t
exmf-dist/fonts/type1/urw/symbol/usyr.pfb></usr/local/texlive/2015/texmf-dist/f
onts/type1/urw/symbol/usyr.pfb></usr/local/texlive/2015/texmf-dist/fonts/type1/
urw/times/utmb8a.pfb></usr/local/texlive/2015/texmf-dist/fonts/type1/urw/times/
utmr8a.pfb></usr/local/texlive/2015/texmf-dist/fonts/type1/urw/times/utmr8a.pfb
></usr/local/texlive/2015/texmf-dist/fonts/type1/urw/times/utmri8a.pfb>
Output written on chapter.pdf (20 pages, 255941 bytes).
PDF statistics:
 379 PDF objects out of 1000 (max. 8388607)
 334 compressed objects within 4 object streams
 103 named destinations out of 1000 (max. 500000)
 121 words of extra memory for PDF output out of 10000 (max. 10000000)

